0 info it worked if it ends with ok
1 verbose cli [
1 verbose cli   'C:\\Program Files\\nodejs\\node.exe',
1 verbose cli   'C:\\Program Files\\nodejs\\node_modules\\npm\\bin\\npm-cli.js',
1 verbose cli   'install'
1 verbose cli ]
2 info using npm@1.3.21
3 info using node@v15.10.0
4 verbose readDependencies using package.json deps
5 verbose install where, deps [
5 verbose install   'D:\\React-Native\\globe',
5 verbose install   [
5 verbose install     '@babel/preset-env',
5 verbose install     '@react-native-community/masked-view',
5 verbose install     '@react-navigation/bottom-tabs',
5 verbose install     '@react-navigation/native',
5 verbose install     'react',
5 verbose install     'react-native',
5 verbose install     'react-native-gesture-handler',
5 verbose install     'react-native-reanimated',
5 verbose install     'react-native-safe-area-context',
5 verbose install     'react-native-screens',
5 verbose install     'ts-node',
5 verbose install     '@babel/core',
5 verbose install     '@babel/runtime',
5 verbose install     '@react-native-community/eslint-config',
5 verbose install     'babel-jest',
5 verbose install     'eslint',
5 verbose install     'jest',
5 verbose install     'metro-react-native-babel-preset',
5 verbose install     'react-test-renderer'
5 verbose install   ]
5 verbose install ]
6 info preinstall globe@0.0.1
7 warn package.json copy-descriptor@0.1.1 No README data
8 warn package.json get-value@2.0.6 No README data
9 warn package.json is-potential-custom-element-name@1.0.0 No README data
10 warn package.json jest-config@26.6.3 No description
11 warn package.json jest-config@26.6.3 No README data
12 warn package.json jest-environment-node@26.6.2 No description
13 warn package.json jest-environment-node@26.6.2 No README data
14 warn package.json jest-environment-jsdom@26.6.2 No description
15 warn package.json jest-environment-jsdom@26.6.2 No README data
16 warn package.json jest-get-type@26.3.0 No README data
17 warn package.json jest-haste-map@26.6.2 No description
18 warn package.json jest-haste-map@26.6.2 No README data
19 warn package.json jest-jasmine2@26.6.3 No description
20 warn package.json jest-jasmine2@26.6.3 No README data
21 warn package.json jest-matcher-utils@26.6.2 No README data
22 warn package.json jest-message-util@26.6.2 No description
23 warn package.json jest-message-util@26.6.2 No README data
24 warn package.json jest-regex-util@26.0.0 No description
25 warn package.json jest-regex-util@26.0.0 No README data
26 warn package.json jest-resolve@26.6.2 No description
27 warn package.json jest-resolve@26.6.2 No README data
28 warn package.json jest-resolve-dependencies@26.6.3 No description
29 warn package.json jest-resolve-dependencies@26.6.3 No README data
30 warn package.json jest-runner@26.6.3 No description
31 warn package.json jest-runner@26.6.3 No README data
32 warn package.json jest-runtime@26.6.3 No description
33 warn package.json jest-runtime@26.6.3 No README data
34 warn package.json jest-snapshot@26.6.2 No description
35 warn package.json jest-snapshot@26.6.2 No README data
36 warn package.json jest-util@26.6.2 No description
37 warn package.json jest-util@26.6.2 No README data
38 warn package.json jest-watcher@26.6.2 No README data
39 warn package.json metro-babel-register@0.64.0 No README data
40 warn package.json metro-babel-transformer@0.64.0 No README data
41 warn package.json metro-cache@0.64.0 No README data
42 warn package.json metro-cache-key@0.64.0 No README data
43 warn package.json metro-inspector-proxy@0.64.0 No README data
44 warn package.json metro-minify-uglify@0.64.0 No README data
45 warn package.json metro-react-native-babel-transformer@0.64.0 No README data
46 warn package.json metro-runtime@0.64.0 No README data
47 warn package.json metro-symbolicate@0.64.0 No README data
48 warn package.json metro-transform-plugins@0.64.0 No README data
49 warn package.json metro-transform-worker@0.64.0 No README data
50 warn package.json object-copy@0.1.0 No README data
51 warn package.json setimmediate@1.0.5 No README data
52 warn package.json static-extend@0.1.2 No README data
53 warn package.json appdirsjs@1.2.4 No repository field.
54 warn package.json babel-core@7.0.0-bridge.0 No repository field.
55 warn package.json punycode@2.1.1 punycode is also the name of a node core module.
56 warn package.json string_decoder@1.1.1 string_decoder is also the name of a node core module.
57 verbose readDependencies using package.json deps
58 verbose cache add [ '@react-navigation/bottom-tabs@^5.11.8', null ]
59 verbose cache add name=undefined spec="@react-navigation/bottom-tabs@^5.11.8" args=["@react-navigation/bottom-tabs@^5.11.8",null]
60 verbose parsed url Url {
60 verbose parsed url   protocol: null,
60 verbose parsed url   slashes: null,
60 verbose parsed url   auth: null,
60 verbose parsed url   host: null,
60 verbose parsed url   port: null,
60 verbose parsed url   hostname: null,
60 verbose parsed url   hash: null,
60 verbose parsed url   search: null,
60 verbose parsed url   query: null,
60 verbose parsed url   pathname: '@react-navigation/bottom-tabs@%5E5.11.8',
60 verbose parsed url   path: '@react-navigation/bottom-tabs@%5E5.11.8',
60 verbose parsed url   href: '@react-navigation/bottom-tabs@%5E5.11.8'
60 verbose parsed url }
61 verbose cache add name="" spec="react-navigation/bottom-tabs@^5.11.8" args=["","react-navigation/bottom-tabs@^5.11.8"]
62 verbose parsed url Url {
62 verbose parsed url   protocol: null,
62 verbose parsed url   slashes: null,
62 verbose parsed url   auth: null,
62 verbose parsed url   host: null,
62 verbose parsed url   port: null,
62 verbose parsed url   hostname: null,
62 verbose parsed url   hash: null,
62 verbose parsed url   search: null,
62 verbose parsed url   query: null,
62 verbose parsed url   pathname: 'react-navigation/bottom-tabs@%5E5.11.8',
62 verbose parsed url   path: 'react-navigation/bottom-tabs@%5E5.11.8',
62 verbose parsed url   href: 'react-navigation/bottom-tabs@%5E5.11.8'
62 verbose parsed url }
63 verbose cache add name="react-navigation/bottom-tabs" spec="^5.11.8" args=["react-navigation/bottom-tabs","^5.11.8"]
64 verbose parsed url Url {
64 verbose parsed url   protocol: null,
64 verbose parsed url   slashes: null,
64 verbose parsed url   auth: null,
64 verbose parsed url   host: null,
64 verbose parsed url   port: null,
64 verbose parsed url   hostname: null,
64 verbose parsed url   hash: null,
64 verbose parsed url   search: null,
64 verbose parsed url   query: null,
64 verbose parsed url   pathname: '%5E5.11.8',
64 verbose parsed url   path: '%5E5.11.8',
64 verbose parsed url   href: '%5E5.11.8'
64 verbose parsed url }
65 verbose addNamed [ 'react-navigation/bottom-tabs', '^5.11.8' ]
66 verbose addNamed [ null, '>=5.11.8-0 <6.0.0-0' ]
67 verbose cache add [ '@react-navigation/native@^5.9.3', null ]
68 verbose cache add name=undefined spec="@react-navigation/native@^5.9.3" args=["@react-navigation/native@^5.9.3",null]
69 verbose parsed url Url {
69 verbose parsed url   protocol: null,
69 verbose parsed url   slashes: null,
69 verbose parsed url   auth: null,
69 verbose parsed url   host: null,
69 verbose parsed url   port: null,
69 verbose parsed url   hostname: null,
69 verbose parsed url   hash: null,
69 verbose parsed url   search: null,
69 verbose parsed url   query: null,
69 verbose parsed url   pathname: '@react-navigation/native@%5E5.9.3',
69 verbose parsed url   path: '@react-navigation/native@%5E5.9.3',
69 verbose parsed url   href: '@react-navigation/native@%5E5.9.3'
69 verbose parsed url }
70 verbose cache add name="" spec="react-navigation/native@^5.9.3" args=["","react-navigation/native@^5.9.3"]
71 verbose parsed url Url {
71 verbose parsed url   protocol: null,
71 verbose parsed url   slashes: null,
71 verbose parsed url   auth: null,
71 verbose parsed url   host: null,
71 verbose parsed url   port: null,
71 verbose parsed url   hostname: null,
71 verbose parsed url   hash: null,
71 verbose parsed url   search: null,
71 verbose parsed url   query: null,
71 verbose parsed url   pathname: 'react-navigation/native@%5E5.9.3',
71 verbose parsed url   path: 'react-navigation/native@%5E5.9.3',
71 verbose parsed url   href: 'react-navigation/native@%5E5.9.3'
71 verbose parsed url }
72 verbose cache add name="react-navigation/native" spec="^5.9.3" args=["react-navigation/native","^5.9.3"]
73 verbose parsed url Url {
73 verbose parsed url   protocol: null,
73 verbose parsed url   slashes: null,
73 verbose parsed url   auth: null,
73 verbose parsed url   host: null,
73 verbose parsed url   port: null,
73 verbose parsed url   hostname: null,
73 verbose parsed url   hash: null,
73 verbose parsed url   search: null,
73 verbose parsed url   query: null,
73 verbose parsed url   pathname: '%5E5.9.3',
73 verbose parsed url   path: '%5E5.9.3',
73 verbose parsed url   href: '%5E5.9.3'
73 verbose parsed url }
74 verbose addNamed [ 'react-navigation/native', '^5.9.3' ]
75 verbose addNamed [ null, '>=5.9.3-0 <6.0.0-0' ]
76 verbose already installed skipping react@17.0.1 D:\React-Native\globe
77 verbose already installed skipping react-native@0.64.0 D:\React-Native\globe
78 verbose already installed skipping react-native-gesture-handler@^1.10.3 D:\React-Native\globe
79 verbose already installed skipping react-native-reanimated@^2.0.0 D:\React-Native\globe
80 verbose already installed skipping react-native-safe-area-context@^3.2.0 D:\React-Native\globe
81 verbose already installed skipping react-native-screens@^2.18.1 D:\React-Native\globe
82 silly lockFile a849d42d-ct-navigation-bottom-tabs-5-11-8 react-navigation/bottom-tabs@^5.11.8
83 verbose lock react-navigation/bottom-tabs@^5.11.8 C:\Users\LOPPER\AppData\Roaming\npm-cache\a849d42d-ct-navigation-bottom-tabs-5-11-8.lock
84 silly lockFile e78e7876-react-navigation-native-5-9-3 react-navigation/native@^5.9.3
85 verbose lock react-navigation/native@^5.9.3 C:\Users\LOPPER\AppData\Roaming\npm-cache\e78e7876-react-navigation-native-5-9-3.lock
86 verbose already installed skipping ts-node@^9.1.1 D:\React-Native\globe
87 verbose cache add [ '@babel/core@^7.13.10', null ]
88 verbose cache add name=undefined spec="@babel/core@^7.13.10" args=["@babel/core@^7.13.10",null]
89 verbose parsed url Url {
89 verbose parsed url   protocol: null,
89 verbose parsed url   slashes: null,
89 verbose parsed url   auth: null,
89 verbose parsed url   host: null,
89 verbose parsed url   port: null,
89 verbose parsed url   hostname: null,
89 verbose parsed url   hash: null,
89 verbose parsed url   search: null,
89 verbose parsed url   query: null,
89 verbose parsed url   pathname: '@babel/core@%5E7.13.10',
89 verbose parsed url   path: '@babel/core@%5E7.13.10',
89 verbose parsed url   href: '@babel/core@%5E7.13.10'
89 verbose parsed url }
90 verbose cache add name="" spec="babel/core@^7.13.10" args=["","babel/core@^7.13.10"]
91 verbose parsed url Url {
91 verbose parsed url   protocol: null,
91 verbose parsed url   slashes: null,
91 verbose parsed url   auth: null,
91 verbose parsed url   host: null,
91 verbose parsed url   port: null,
91 verbose parsed url   hostname: null,
91 verbose parsed url   hash: null,
91 verbose parsed url   search: null,
91 verbose parsed url   query: null,
91 verbose parsed url   pathname: 'babel/core@%5E7.13.10',
91 verbose parsed url   path: 'babel/core@%5E7.13.10',
91 verbose parsed url   href: 'babel/core@%5E7.13.10'
91 verbose parsed url }
92 verbose cache add name="babel/core" spec="^7.13.10" args=["babel/core","^7.13.10"]
93 verbose parsed url Url {
93 verbose parsed url   protocol: null,
93 verbose parsed url   slashes: null,
93 verbose parsed url   auth: null,
93 verbose parsed url   host: null,
93 verbose parsed url   port: null,
93 verbose parsed url   hostname: null,
93 verbose parsed url   hash: null,
93 verbose parsed url   search: null,
93 verbose parsed url   query: null,
93 verbose parsed url   pathname: '%5E7.13.10',
93 verbose parsed url   path: '%5E7.13.10',
93 verbose parsed url   href: '%5E7.13.10'
93 verbose parsed url }
94 verbose addNamed [ 'babel/core', '^7.13.10' ]
95 verbose addNamed [ null, '>=7.13.10-0 <8.0.0-0' ]
96 silly lockFile 4a6c4191-babel-core-7-13-10 babel/core@^7.13.10
97 verbose lock babel/core@^7.13.10 C:\Users\LOPPER\AppData\Roaming\npm-cache\4a6c4191-babel-core-7-13-10.lock
98 verbose cache add [ '@babel/runtime@^7.13.10', null ]
99 verbose cache add name=undefined spec="@babel/runtime@^7.13.10" args=["@babel/runtime@^7.13.10",null]
100 verbose parsed url Url {
100 verbose parsed url   protocol: null,
100 verbose parsed url   slashes: null,
100 verbose parsed url   auth: null,
100 verbose parsed url   host: null,
100 verbose parsed url   port: null,
100 verbose parsed url   hostname: null,
100 verbose parsed url   hash: null,
100 verbose parsed url   search: null,
100 verbose parsed url   query: null,
100 verbose parsed url   pathname: '@babel/runtime@%5E7.13.10',
100 verbose parsed url   path: '@babel/runtime@%5E7.13.10',
100 verbose parsed url   href: '@babel/runtime@%5E7.13.10'
100 verbose parsed url }
101 verbose cache add name="" spec="babel/runtime@^7.13.10" args=["","babel/runtime@^7.13.10"]
102 verbose parsed url Url {
102 verbose parsed url   protocol: null,
102 verbose parsed url   slashes: null,
102 verbose parsed url   auth: null,
102 verbose parsed url   host: null,
102 verbose parsed url   port: null,
102 verbose parsed url   hostname: null,
102 verbose parsed url   hash: null,
102 verbose parsed url   search: null,
102 verbose parsed url   query: null,
102 verbose parsed url   pathname: 'babel/runtime@%5E7.13.10',
102 verbose parsed url   path: 'babel/runtime@%5E7.13.10',
102 verbose parsed url   href: 'babel/runtime@%5E7.13.10'
102 verbose parsed url }
103 verbose cache add name="babel/runtime" spec="^7.13.10" args=["babel/runtime","^7.13.10"]
104 verbose parsed url Url {
104 verbose parsed url   protocol: null,
104 verbose parsed url   slashes: null,
104 verbose parsed url   auth: null,
104 verbose parsed url   host: null,
104 verbose parsed url   port: null,
104 verbose parsed url   hostname: null,
104 verbose parsed url   hash: null,
104 verbose parsed url   search: null,
104 verbose parsed url   query: null,
104 verbose parsed url   pathname: '%5E7.13.10',
104 verbose parsed url   path: '%5E7.13.10',
104 verbose parsed url   href: '%5E7.13.10'
104 verbose parsed url }
105 verbose addNamed [ 'babel/runtime', '^7.13.10' ]
106 verbose addNamed [ null, '>=7.13.10-0 <8.0.0-0' ]
107 silly lockFile e14b93bf-babel-runtime-7-13-10 babel/runtime@^7.13.10
108 verbose lock babel/runtime@^7.13.10 C:\Users\LOPPER\AppData\Roaming\npm-cache\e14b93bf-babel-runtime-7-13-10.lock
109 verbose cache add [ '@react-native-community/eslint-config@^2.0.0', null ]
110 verbose cache add name=undefined spec="@react-native-community/eslint-config@^2.0.0" args=["@react-native-community/eslint-config@^2.0.0",null]
111 verbose parsed url Url {
111 verbose parsed url   protocol: null,
111 verbose parsed url   slashes: null,
111 verbose parsed url   auth: null,
111 verbose parsed url   host: null,
111 verbose parsed url   port: null,
111 verbose parsed url   hostname: null,
111 verbose parsed url   hash: null,
111 verbose parsed url   search: null,
111 verbose parsed url   query: null,
111 verbose parsed url   pathname: '@react-native-community/eslint-config@%5E2.0.0',
111 verbose parsed url   path: '@react-native-community/eslint-config@%5E2.0.0',
111 verbose parsed url   href: '@react-native-community/eslint-config@%5E2.0.0'
111 verbose parsed url }
112 verbose cache add name="" spec="react-native-community/eslint-config@^2.0.0" args=["","react-native-community/eslint-config@^2.0.0"]
113 verbose parsed url Url {
113 verbose parsed url   protocol: null,
113 verbose parsed url   slashes: null,
113 verbose parsed url   auth: null,
113 verbose parsed url   host: null,
113 verbose parsed url   port: null,
113 verbose parsed url   hostname: null,
113 verbose parsed url   hash: null,
113 verbose parsed url   search: null,
113 verbose parsed url   query: null,
113 verbose parsed url   pathname: 'react-native-community/eslint-config@%5E2.0.0',
113 verbose parsed url   path: 'react-native-community/eslint-config@%5E2.0.0',
113 verbose parsed url   href: 'react-native-community/eslint-config@%5E2.0.0'
113 verbose parsed url }
114 verbose cache add name="react-native-community/eslint-config" spec="^2.0.0" args=["react-native-community/eslint-config","^2.0.0"]
115 verbose parsed url Url {
115 verbose parsed url   protocol: null,
115 verbose parsed url   slashes: null,
115 verbose parsed url   auth: null,
115 verbose parsed url   host: null,
115 verbose parsed url   port: null,
115 verbose parsed url   hostname: null,
115 verbose parsed url   hash: null,
115 verbose parsed url   search: null,
115 verbose parsed url   query: null,
115 verbose parsed url   pathname: '%5E2.0.0',
115 verbose parsed url   path: '%5E2.0.0',
115 verbose parsed url   href: '%5E2.0.0'
115 verbose parsed url }
116 verbose addNamed [ 'react-native-community/eslint-config', '^2.0.0' ]
117 verbose addNamed [ null, '>=2.0.0-0 <3.0.0-0' ]
118 silly lockFile 6d41a72a-ve-community-eslint-config-2-0-0 react-native-community/eslint-config@^2.0.0
119 verbose lock react-native-community/eslint-config@^2.0.0 C:\Users\LOPPER\AppData\Roaming\npm-cache\6d41a72a-ve-community-eslint-config-2-0-0.lock
120 verbose already installed skipping babel-jest@^26.6.3 D:\React-Native\globe
121 verbose already installed skipping eslint@^7.22.0 D:\React-Native\globe
122 verbose already installed skipping jest@^26.6.3 D:\React-Native\globe
123 verbose already installed skipping metro-react-native-babel-preset@^0.65.2 D:\React-Native\globe
124 verbose already installed skipping react-test-renderer@17.0.1 D:\React-Native\globe
125 verbose cache add [ '@babel/preset-env@^7.13.10', null ]
126 verbose cache add name=undefined spec="@babel/preset-env@^7.13.10" args=["@babel/preset-env@^7.13.10",null]
127 verbose parsed url Url {
127 verbose parsed url   protocol: null,
127 verbose parsed url   slashes: null,
127 verbose parsed url   auth: null,
127 verbose parsed url   host: null,
127 verbose parsed url   port: null,
127 verbose parsed url   hostname: null,
127 verbose parsed url   hash: null,
127 verbose parsed url   search: null,
127 verbose parsed url   query: null,
127 verbose parsed url   pathname: '@babel/preset-env@%5E7.13.10',
127 verbose parsed url   path: '@babel/preset-env@%5E7.13.10',
127 verbose parsed url   href: '@babel/preset-env@%5E7.13.10'
127 verbose parsed url }
128 verbose cache add name="" spec="babel/preset-env@^7.13.10" args=["","babel/preset-env@^7.13.10"]
129 verbose parsed url Url {
129 verbose parsed url   protocol: null,
129 verbose parsed url   slashes: null,
129 verbose parsed url   auth: null,
129 verbose parsed url   host: null,
129 verbose parsed url   port: null,
129 verbose parsed url   hostname: null,
129 verbose parsed url   hash: null,
129 verbose parsed url   search: null,
129 verbose parsed url   query: null,
129 verbose parsed url   pathname: 'babel/preset-env@%5E7.13.10',
129 verbose parsed url   path: 'babel/preset-env@%5E7.13.10',
129 verbose parsed url   href: 'babel/preset-env@%5E7.13.10'
129 verbose parsed url }
130 verbose cache add name="babel/preset-env" spec="^7.13.10" args=["babel/preset-env","^7.13.10"]
131 verbose parsed url Url {
131 verbose parsed url   protocol: null,
131 verbose parsed url   slashes: null,
131 verbose parsed url   auth: null,
131 verbose parsed url   host: null,
131 verbose parsed url   port: null,
131 verbose parsed url   hostname: null,
131 verbose parsed url   hash: null,
131 verbose parsed url   search: null,
131 verbose parsed url   query: null,
131 verbose parsed url   pathname: '%5E7.13.10',
131 verbose parsed url   path: '%5E7.13.10',
131 verbose parsed url   href: '%5E7.13.10'
131 verbose parsed url }
132 verbose addNamed [ 'babel/preset-env', '^7.13.10' ]
133 verbose addNamed [ null, '>=7.13.10-0 <8.0.0-0' ]
134 silly lockFile 0ce33c9e-babel-preset-env-7-13-10 babel/preset-env@^7.13.10
135 verbose lock babel/preset-env@^7.13.10 C:\Users\LOPPER\AppData\Roaming\npm-cache\0ce33c9e-babel-preset-env-7-13-10.lock
136 verbose cache add [ '@react-native-community/masked-view@^0.1.10', null ]
137 verbose cache add name=undefined spec="@react-native-community/masked-view@^0.1.10" args=["@react-native-community/masked-view@^0.1.10",null]
138 verbose parsed url Url {
138 verbose parsed url   protocol: null,
138 verbose parsed url   slashes: null,
138 verbose parsed url   auth: null,
138 verbose parsed url   host: null,
138 verbose parsed url   port: null,
138 verbose parsed url   hostname: null,
138 verbose parsed url   hash: null,
138 verbose parsed url   search: null,
138 verbose parsed url   query: null,
138 verbose parsed url   pathname: '@react-native-community/masked-view@%5E0.1.10',
138 verbose parsed url   path: '@react-native-community/masked-view@%5E0.1.10',
138 verbose parsed url   href: '@react-native-community/masked-view@%5E0.1.10'
138 verbose parsed url }
139 verbose cache add name="" spec="react-native-community/masked-view@^0.1.10" args=["","react-native-community/masked-view@^0.1.10"]
140 verbose parsed url Url {
140 verbose parsed url   protocol: null,
140 verbose parsed url   slashes: null,
140 verbose parsed url   auth: null,
140 verbose parsed url   host: null,
140 verbose parsed url   port: null,
140 verbose parsed url   hostname: null,
140 verbose parsed url   hash: null,
140 verbose parsed url   search: null,
140 verbose parsed url   query: null,
140 verbose parsed url   pathname: 'react-native-community/masked-view@%5E0.1.10',
140 verbose parsed url   path: 'react-native-community/masked-view@%5E0.1.10',
140 verbose parsed url   href: 'react-native-community/masked-view@%5E0.1.10'
140 verbose parsed url }
141 verbose cache add name="react-native-community/masked-view" spec="^0.1.10" args=["react-native-community/masked-view","^0.1.10"]
142 verbose parsed url Url {
142 verbose parsed url   protocol: null,
142 verbose parsed url   slashes: null,
142 verbose parsed url   auth: null,
142 verbose parsed url   host: null,
142 verbose parsed url   port: null,
142 verbose parsed url   hostname: null,
142 verbose parsed url   hash: null,
142 verbose parsed url   search: null,
142 verbose parsed url   query: null,
142 verbose parsed url   pathname: '%5E0.1.10',
142 verbose parsed url   path: '%5E0.1.10',
142 verbose parsed url   href: '%5E0.1.10'
142 verbose parsed url }
143 verbose addNamed [ 'react-native-community/masked-view', '^0.1.10' ]
144 verbose addNamed [ null, '>=0.1.10-0 <0.2.0-0' ]
145 silly lockFile 32c89d77-ive-community-masked-view-0-1-10 react-native-community/masked-view@^0.1.10
146 verbose lock react-native-community/masked-view@^0.1.10 C:\Users\LOPPER\AppData\Roaming\npm-cache\32c89d77-ive-community-masked-view-0-1-10.lock
147 silly addNameRange {
147 silly addNameRange   name: 'react-navigation/bottom-tabs',
147 silly addNameRange   range: '>=5.11.8-0 <6.0.0-0',
147 silly addNameRange   hasData: false
147 silly addNameRange }
148 silly addNameRange { name: 'babel/core', range: '>=7.13.10-0 <8.0.0-0', hasData: false }
149 silly addNameRange {
149 silly addNameRange   name: 'babel/runtime',
149 silly addNameRange   range: '>=7.13.10-0 <8.0.0-0',
149 silly addNameRange   hasData: false
149 silly addNameRange }
150 silly addNameRange {
150 silly addNameRange   name: 'react-native-community/eslint-config',
150 silly addNameRange   range: '>=2.0.0-0 <3.0.0-0',
150 silly addNameRange   hasData: false
150 silly addNameRange }
151 silly addNameRange {
151 silly addNameRange   name: 'react-navigation/native',
151 silly addNameRange   range: '>=5.9.3-0 <6.0.0-0',
151 silly addNameRange   hasData: false
151 silly addNameRange }
152 silly addNameRange {
152 silly addNameRange   name: 'babel/preset-env',
152 silly addNameRange   range: '>=7.13.10-0 <8.0.0-0',
152 silly addNameRange   hasData: false
152 silly addNameRange }
153 silly addNameRange {
153 silly addNameRange   name: 'react-native-community/masked-view',
153 silly addNameRange   range: '>=0.1.10-0 <0.2.0-0',
153 silly addNameRange   hasData: false
153 silly addNameRange }
154 verbose url raw react-navigation/bottom-tabs
155 verbose url resolving [ 'https://registry.npmjs.org/', './react-navigation/bottom-tabs' ]
156 verbose url resolved https://registry.npmjs.org/react-navigation/bottom-tabs
157 info trying registry request attempt 1 at 16:59:38
158 http GET https://registry.npmjs.org/react-navigation/bottom-tabs
159 verbose url raw babel/core
160 verbose url resolving [ 'https://registry.npmjs.org/', './babel/core' ]
161 verbose url resolved https://registry.npmjs.org/babel/core
162 info trying registry request attempt 1 at 16:59:39
163 http GET https://registry.npmjs.org/babel/core
164 verbose url raw babel/runtime
165 verbose url resolving [ 'https://registry.npmjs.org/', './babel/runtime' ]
166 verbose url resolved https://registry.npmjs.org/babel/runtime
167 info trying registry request attempt 1 at 16:59:39
168 http GET https://registry.npmjs.org/babel/runtime
169 verbose url raw react-native-community/eslint-config
170 verbose url resolving [
170 verbose url resolving   'https://registry.npmjs.org/',
170 verbose url resolving   './react-native-community/eslint-config'
170 verbose url resolving ]
171 verbose url resolved https://registry.npmjs.org/react-native-community/eslint-config
172 info trying registry request attempt 1 at 16:59:39
173 http GET https://registry.npmjs.org/react-native-community/eslint-config
174 verbose url raw react-navigation/native
175 verbose url resolving [ 'https://registry.npmjs.org/', './react-navigation/native' ]
176 verbose url resolved https://registry.npmjs.org/react-navigation/native
177 info trying registry request attempt 1 at 16:59:39
178 http GET https://registry.npmjs.org/react-navigation/native
179 verbose url raw babel/preset-env
180 verbose url resolving [ 'https://registry.npmjs.org/', './babel/preset-env' ]
181 verbose url resolved https://registry.npmjs.org/babel/preset-env
182 info trying registry request attempt 1 at 16:59:39
183 http GET https://registry.npmjs.org/babel/preset-env
184 verbose url raw react-native-community/masked-view
185 verbose url resolving [
185 verbose url resolving   'https://registry.npmjs.org/',
185 verbose url resolving   './react-native-community/masked-view'
185 verbose url resolving ]
186 verbose url resolved https://registry.npmjs.org/react-native-community/masked-view
187 info trying registry request attempt 1 at 16:59:39
188 http GET https://registry.npmjs.org/react-native-community/masked-view
189 http 405 https://registry.npmjs.org/react-native-community/eslint-config
190 silly registry.get cb [
190 silly registry.get   405,
190 silly registry.get   {
190 silly registry.get     date: 'Fri, 19 Mar 2021 09:59:39 GMT',
190 silly registry.get     'content-type': 'application/json',
190 silly registry.get     'content-length': '63',
190 silly registry.get     connection: 'close',
190 silly registry.get     'set-cookie': [
190 silly registry.get       '__cfduid=d73dc96bd18d076e90fa4c9acd274281a1616147979; expires=Sun, 18-Apr-21 09:59:39 GMT; path=/; domain=.npmjs.org; HttpOnly; SameSite=Lax'
190 silly registry.get     ],
190 silly registry.get     'cf-ray': '6325d968292424cb-HKG',
190 silly registry.get     allow: 'PUT',
190 silly registry.get     'cf-cache-status': 'DYNAMIC',
190 silly registry.get     'cf-request-id': '08eb86351c000024cbf18c9000000001',
190 silly registry.get     'expect-ct': 'max-age=604800, report-uri="https://report-uri.cloudflare.com/cdn-cgi/beacon/expect-ct"',
190 silly registry.get     server: 'cloudflare'
190 silly registry.get   }
190 silly registry.get ]
191 http 405 https://registry.npmjs.org/react-native-community/masked-view
192 silly registry.get cb [
192 silly registry.get   405,
192 silly registry.get   {
192 silly registry.get     date: 'Fri, 19 Mar 2021 09:59:39 GMT',
192 silly registry.get     'content-type': 'application/json',
192 silly registry.get     'content-length': '63',
192 silly registry.get     connection: 'close',
192 silly registry.get     'set-cookie': [
192 silly registry.get       '__cfduid=dc7b013769b2a1d59a0a4e754712cef821616147979; expires=Sun, 18-Apr-21 09:59:39 GMT; path=/; domain=.npmjs.org; HttpOnly; SameSite=Lax'
192 silly registry.get     ],
192 silly registry.get     'cf-ray': '6325d968389224bf-HKG',
192 silly registry.get     allow: 'PUT',
192 silly registry.get     'cf-cache-status': 'DYNAMIC',
192 silly registry.get     'cf-request-id': '08eb863520000024bfba9a7000000001',
192 silly registry.get     'expect-ct': 'max-age=604800, report-uri="https://report-uri.cloudflare.com/cdn-cgi/beacon/expect-ct"',
192 silly registry.get     server: 'cloudflare'
192 silly registry.get   }
192 silly registry.get ]
193 http 405 https://registry.npmjs.org/react-navigation/bottom-tabs
194 silly registry.get cb [
194 silly registry.get   405,
194 silly registry.get   {
194 silly registry.get     date: 'Fri, 19 Mar 2021 09:59:39 GMT',
194 silly registry.get     'content-type': 'application/json',
194 silly registry.get     'content-length': '63',
194 silly registry.get     connection: 'close',
194 silly registry.get     'set-cookie': [
194 silly registry.get       '__cfduid=d5ef43e0a97a5745ee7786638ec9163191616147979; expires=Sun, 18-Apr-21 09:59:39 GMT; path=/; domain=.npmjs.org; HttpOnly; SameSite=Lax'
194 silly registry.get     ],
194 silly registry.get     'cf-ray': '6325d9683bf0258d-HKG',
194 silly registry.get     allow: 'PUT',
194 silly registry.get     'cf-cache-status': 'DYNAMIC',
194 silly registry.get     'cf-request-id': '08eb8635260000258d661b2000000001',
194 silly registry.get     'expect-ct': 'max-age=604800, report-uri="https://report-uri.cloudflare.com/cdn-cgi/beacon/expect-ct"',
194 silly registry.get     server: 'cloudflare'
194 silly registry.get   }
194 silly registry.get ]
195 http 405 https://registry.npmjs.org/babel/core
196 silly registry.get cb [
196 silly registry.get   405,
196 silly registry.get   {
196 silly registry.get     date: 'Fri, 19 Mar 2021 09:59:39 GMT',
196 silly registry.get     'content-type': 'application/json',
196 silly registry.get     'content-length': '63',
196 silly registry.get     connection: 'close',
196 silly registry.get     'set-cookie': [
196 silly registry.get       '__cfduid=ddfe58ac4c53486d8c206a45ed8b8601f1616147979; expires=Sun, 18-Apr-21 09:59:39 GMT; path=/; domain=.npmjs.org; HttpOnly; SameSite=Lax'
196 silly registry.get     ],
196 silly registry.get     'cf-ray': '6325d9682ef32458-HKG',
196 silly registry.get     allow: 'PUT',
196 silly registry.get     'cf-cache-status': 'DYNAMIC',
196 silly registry.get     'cf-request-id': '08eb86351d0000245831258000000001',
196 silly registry.get     'expect-ct': 'max-age=604800, report-uri="https://report-uri.cloudflare.com/cdn-cgi/beacon/expect-ct"',
196 silly registry.get     server: 'cloudflare'
196 silly registry.get   }
196 silly registry.get ]
197 silly addNameRange number 2 {
197 silly addNameRange   name: 'react-native-community/eslint-config',
197 silly addNameRange   range: '>=2.0.0-0 <3.0.0-0',
197 silly addNameRange   hasData: true
197 silly addNameRange }
198 silly addNameRange versions [ undefined, [] ]
199 error TypeError: Cannot read property 'latest' of undefined
199 error     at next (C:\Users\LOPPER\AppData\Roaming\nvm\v15.10.0\node_modules\npm\lib\cache.js:688:35)
199 error     at C:\Users\LOPPER\AppData\Roaming\nvm\v15.10.0\node_modules\npm\lib\cache.js:676:5
199 error     at saved (C:\Users\LOPPER\AppData\Roaming\nvm\v15.10.0\node_modules\npm\node_modules\npm-registry-client\lib\get.js:142:7)
199 error     at C:\Users\LOPPER\AppData\Roaming\nvm\v15.10.0\node_modules\npm\node_modules\graceful-fs\polyfills.js:133:7
199 error     at FSReqCallback.oncomplete (node:fs:186:23)
200 error If you need help, you may report this *entire* log,
200 error including the npm and node versions, at:
200 error     <http://github.com/isaacs/npm/issues>
201 error System Windows_NT 10.0.19042
202 error command "C:\\Program Files\\nodejs\\node.exe" "C:\\Program Files\\nodejs\\node_modules\\npm\\bin\\npm-cli.js" "install"
203 error cwd D:\React-Native\globe
204 error node -v v15.10.0
205 error npm -v 1.3.21
206 verbose exit [ 1, true ]
